<?xml version="1.0" encoding="UTF-8"?>
<testsuites name="SmokeSuite" time="80" tests="0" failures="1" errors="0">
   <testsuite name="SmokeSuite" tests="0" failures="1" errors="0" time="80" timestamp="2017-10-22 14:53:48" hostname="lokesh - DESKTOP-7FI2243" id="Test Suites/SmokeSuite">
      <properties>
         <property name="deviceName" value=""/>
         <property name="devicePlatform" value=""/>
         <property name="logFolder" value="C:\\Users\\lokesh\\Katalon Studio\\recordTest\\Reports\\SmokeSuite\\20171022_145346"/>
         <property name="logFiles" value="C:\\Users\\lokesh\\Katalon Studio\\recordTest\\Reports\\SmokeSuite\\20171022_145346\\execution0.log"/>
         <property name="attachments" value="C:\\Users\\lokesh\\Katalon Studio\\recordTest\\Reports\\SmokeSuite\\20171022_145346\\1508664277343.png, C:\\Users\\lokesh\\Katalon Studio\\recordTest\\Reports\\SmokeSuite\\20171022_145346\\1508664308115.png"/>
         <property name="hostName" value="lokesh - DESKTOP-7FI2243"/>
         <property name="os" value="Windows 10 64bit"/>
         <property name="katalonVersion" value="4.8.0.2"/>
         <property name="browser" value="JBrowser (headless)"/>
         <property name="hostAddress" value="192.168.0.100"/>
         <property name="sessionId" value="[Instance 1][Port 57846]"/>
         <property name="seleniumVersion" value="2.53.0"/>
         <property name="proxyInformation" value="ProxyInformation{proxyOption=NO_PROXY, proxyServerType=, password=, proxyServerAddress=, proxyServerPort=0}"/>
         <property name="platform" value="Windows 10"/>
      </properties>
      <testcase name="Test Cases/Lgon/TC01" classname="Test Cases/Lgon/TC01" status="FAILED">
         <failure type="FAILED" message="Unable to click on object 'Object Repository/TC01_OR/Page_OrangeHRM (2)/span_Invalid' (Root cause: com.kms.katalon.core.webui.exception.WebElementNotFoundException: Web element with id: 'Object Repository/TC01_OR/Page_OrangeHRM (2)/span_Invalid' located by 'By.xpath: //span[count(. | //*[contains(.,'Invalid')]) = count(//*[contains(.,'Invalid')])]' not found)"/>
         <system-out><![CDATA[2017-10-22 14:53:48 - [TEST_CASE][FAILED] - Test Cases/Lgon/TC01: Test Cases/Lgon/TC01 FAILED because (of) Unable to click on object 'Object Repository/TC01_OR/Page_OrangeHRM (2)/span_Invalid' (Root cause: com.kms.katalon.core.webui.exception.WebElementNotFoundException: Web element with id: 'Object Repository/TC01_OR/Page_OrangeHRM (2)/span_Invalid' located by 'By.xpath: //span[count(. | //*[contains(.,'Invalid')]) = count(//*[contains(.,'Invalid')])]' not found)

2017-10-22 14:53:49 - [TEST_STEP][PASSED] - openBrowser: Browser is opened with url: ''

2017-10-22 14:53:51 - [MESSAGE][PASSED] - Browser is opened with url: ''

2017-10-22 14:53:51 - [TEST_STEP][PASSED] - navigateToUrl: Navigate to 'http://opensource.demo.orangehrmlive.com/' successfully

2017-10-22 14:53:55 - [MESSAGE][PASSED] - Navigate to 'http://opensource.demo.orangehrmlive.com/' successfully

2017-10-22 14:53:55 - [TEST_STEP][PASSED] - click: Object: 'Object Repository/TC01_OR/Page_OrangeHRM/span_Username' is clicked on

2017-10-22 14:53:55 - [MESSAGE][PASSED] - Object: 'Object Repository/TC01_OR/Page_OrangeHRM/span_Username' is clicked on

2017-10-22 14:53:55 - [TEST_STEP][PASSED] - setText: Text 'Admin' is set on object 'Object Repository/TC01_OR/Page_OrangeHRM/input_txtUsername'

2017-10-22 14:53:56 - [MESSAGE][PASSED] - Text 'Admin' is set on object 'Object Repository/TC01_OR/Page_OrangeHRM/input_txtUsername'

2017-10-22 14:53:56 - [TEST_STEP][PASSED] - setText: Text 'admin' is set on object 'Object Repository/TC01_OR/Page_OrangeHRM/input_txtPassword'

2017-10-22 14:53:57 - [MESSAGE][PASSED] - Text 'admin' is set on object 'Object Repository/TC01_OR/Page_OrangeHRM/input_txtPassword'

2017-10-22 14:53:57 - [TEST_STEP][PASSED] - click: Object: 'Object Repository/TC01_OR/Page_OrangeHRM/input_Submit' is clicked on

2017-10-22 14:53:57 - [MESSAGE][PASSED] - Object: 'Object Repository/TC01_OR/Page_OrangeHRM/input_Submit' is clicked on

2017-10-22 14:53:57 - [TEST_STEP][PASSED] - click: Object: 'Object Repository/TC01_OR/Page_OrangeHRM (1)/img' is clicked on

2017-10-22 14:54:03 - [MESSAGE][PASSED] - Object: 'Object Repository/TC01_OR/Page_OrangeHRM (1)/img' is clicked on

2017-10-22 14:54:03 - [TEST_STEP][PASSED] - setText: Text 'lok' is set on object 'Object Repository/TC01_OR/Page_OrangeHRM (2)/input_timeemployeeName'

2017-10-22 14:54:06 - [MESSAGE][PASSED] - Text 'lok' is set on object 'Object Repository/TC01_OR/Page_OrangeHRM (2)/input_timeemployeeName'

2017-10-22 14:54:06 - [TEST_STEP][PASSED] - sendKeys: Keys '' sent to object: 'Object Repository/TC01_OR/Page_OrangeHRM (2)/input_timeemployeeName'

2017-10-22 14:54:06 - [MESSAGE][PASSED] - Keys '' sent to object: 'Object Repository/TC01_OR/Page_OrangeHRM (2)/input_timeemployeeName'

2017-10-22 14:54:06 - [TEST_STEP][FAILED] - click: Unable to click on object 'Object Repository/TC01_OR/Page_OrangeHRM (2)/span_Invalid' (Root cause: com.kms.katalon.core.webui.exception.WebElementNotFoundException: Web element with id: 'Object Repository/TC01_OR/Page_OrangeHRM (2)/span_Invalid' located by 'By.xpath: //span[count(. | //*[contains(.,'Invalid')]) = count(//*[contains(.,'Invalid')])]' not found)

2017-10-22 14:54:37 - [MESSAGE][FAILED] - Unable to click on object 'Object Repository/TC01_OR/Page_OrangeHRM (2)/span_Invalid' (Root cause: com.kms.katalon.core.webui.exception.WebElementNotFoundException: Web element with id: 'Object Repository/TC01_OR/Page_OrangeHRM (2)/span_Invalid' located by 'By.xpath: //span[count(. | //*[contains(.,'Invalid')]) = count(//*[contains(.,'Invalid')])]' not found)
[[ATTACHMENT|C:\\Users\\lokesh\\Katalon Studio\\recordTest\\Reports\\SmokeSuite\\20171022_145346\\1508664277343.png]]

2017-10-22 14:54:37 - [TEST_STEP][FAILED] - verifyElementPresent: com.kms.katalon.core.webui.exception.WebElementNotFoundException: Web element with id: 'Object Repository/TC01_OR/Page_OrangeHRM (2)/span_Invalid' located by 'By.xpath: //span[count(. | //*[contains(.,'Invalid')]) = count(//*[contains(.,'Invalid')])]' not found

2017-10-22 14:54:37 - [MESSAGE][WARNING] - Timeout '0' is invalid. Using default page load timeout: '30'

2017-10-22 14:55:08 - [MESSAGE][FAILED] - com.kms.katalon.core.webui.exception.WebElementNotFoundException: Web element with id: 'Object Repository/TC01_OR/Page_OrangeHRM (2)/span_Invalid' located by 'By.xpath: //span[count(. | //*[contains(.,'Invalid')]) = count(//*[contains(.,'Invalid')])]' not found
[[ATTACHMENT|C:\\Users\\lokesh\\Katalon Studio\\recordTest\\Reports\\SmokeSuite\\20171022_145346\\1508664308115.png]]

2017-10-22 14:55:08 - [TEST_STEP][PASSED] - closeBrowser: Browser is closed

2017-10-22 14:55:08 - [MESSAGE][PASSED] - Browser is closed]]></system-out>
         <system-err><![CDATA[2017-10-22 14:53:48 - [TEST_CASE][FAILED] - Test Cases/Lgon/TC01: Test Cases/Lgon/TC01 FAILED because (of) Unable to click on object 'Object Repository/TC01_OR/Page_OrangeHRM (2)/span_Invalid' (Root cause: com.kms.katalon.core.webui.exception.WebElementNotFoundException: Web element with id: 'Object Repository/TC01_OR/Page_OrangeHRM (2)/span_Invalid' located by 'By.xpath: //span[count(. | //*[contains(.,'Invalid')]) = count(//*[contains(.,'Invalid')])]' not found)]]></system-err>
      </testcase>
      <system-out><![CDATA[2017-10-22 14:53:48 - [TEST_SUITE][FAILED] - SmokeSuite: Test Cases/Lgon/TC01 FAILED because (of) Unable to click on object 'Object Repository/TC01_OR/Page_OrangeHRM (2)/span_Invalid' (Root cause: com.kms.katalon.core.webui.exception.WebElementNotFoundException: Web element with id: 'Object Repository/TC01_OR/Page_OrangeHRM (2)/span_Invalid' located by 'By.xpath: //span[count(. | //*[contains(.,'Invalid')]) = count(//*[contains(.,'Invalid')])]' not found)]]></system-out>
      <system-err><![CDATA[2017-10-22 14:53:48 - [TEST_SUITE][FAILED] - SmokeSuite: Test Cases/Lgon/TC01 FAILED because (of) Unable to click on object 'Object Repository/TC01_OR/Page_OrangeHRM (2)/span_Invalid' (Root cause: com.kms.katalon.core.webui.exception.WebElementNotFoundException: Web element with id: 'Object Repository/TC01_OR/Page_OrangeHRM (2)/span_Invalid' located by 'By.xpath: //span[count(. | //*[contains(.,'Invalid')]) = count(//*[contains(.,'Invalid')])]' not found)]]></system-err>
   </testsuite>
</testsuites>
